<?xml version="1.0" encoding="UTF-8"?>
<!-- Generated by org.testng.reporters.JUnitReportReporter -->
<testsuite hostname="ZURENDRA" failures="0" tests="2" name="testing_class_files.Test01_GET" time="5.716" errors="0" timestamp="2020-10-04T14:01:39 GMT+05:30" skipped="0">
  <testcase classname="testing_class_files.Test01_GET" name="test02" time="1.387"/>
  <system-out/>
  <testcase classname="testing_class_files.Test01_GET" name="test01" time="4.329"/>
  <system-out/>
</testsuite> <!-- testing_class_files.Test01_GET -->
